MobiShowCase/build/outputs/logs/manifest-merger-debug-report.txt
-- Merging decision tree log ---
manifest
ADDED from MobiShowCase\AndroidManifest.xml:2:1-77:12
	package
		ADDED from MobiShowCase\AndroidManifest.xml:3:5-41
	android:versionName
		INJECTED from MobiShowCase\AndroidManifest.xml
		INJECTED from MobiShowCase\AndroidManifest.xml
	android:versionCode
		ADDED from MobiShowCase\AndroidManifest.xml:5:5-28
		INJECTED from MobiShowCase\AndroidManifest.xml
		INJECTED from MobiShowCase\AndroidManifest.xml
	xmlns:android
		ADDED from MobiShowCase\AndroidManifest.xml:2:11-69
	android:installLocation
		ADDED from MobiShowCase\AndroidManifest.xml:4:5-35
uses-sdk
ADDED from MobiShowCase\AndroidManifest.xml:7:5-9:41
MERGED from [MobiFlow:MobiFlow:unspecified] AndroidManifest.xml:7:5-9:41
	android:targetSdkVersion
		ADDED from MobiShowCase\AndroidManifest.xml:9:9-38
		INJECTED from MobiShowCase\AndroidManifest.xml
		INJECTED from MobiShowCase\AndroidManifest.xml
	android:minSdkVersion
		ADDED from MobiShowCase\AndroidManifest.xml:8:9-34
		INJECTED from MobiShowCase\AndroidManifest.xml
		INJECTED from MobiShowCase\AndroidManifest.xml
uses-permission#android.permission.CAMERA
ADDED from MobiShowCase\AndroidManifest.xml:11:5-65
MERGED from [MobiFlow:MobiFlow:unspecified] AndroidManifest.xml:48:5-65
	android:name
		ADDED from MobiShowCase\AndroidManifest.xml:11:22-62
uses-permission#android.permission.WRITE_EXTERNAL_STORAGE
ADDED from MobiShowCase\AndroidManifest.xml:12:5-81
	android:name
		ADDED from MobiShowCase\AndroidManifest.xml:12:22-78
uses-permission#android.permission.FLASHLIGHT
ADDED from MobiShowCase\AndroidManifest.xml:13:5-69
	android:name
		ADDED from MobiShowCase\AndroidManifest.xml:13:22-66
supports-screens
ADDED from MobiShowCase\AndroidManifest.xml:15:5-20:12
MERGED from [MobiFlow:MobiFlow:unspecified] AndroidManifest.xml:11:5-15:40
	android:largeScreens
		ADDED from MobiShowCase\AndroidManifest.xml:17:9-36
	android:smallScreens
		ADDED from [MobiFlow:MobiFlow:unspecified] AndroidManifest.xml:15:9-37
	android:normalScreens
		ADDED from MobiShowCase\AndroidManifest.xml:18:9-37
	android:resizeable
		ADDED from MobiShowCase\AndroidManifest.xml:19:9-34
	android:anyDensity
		ADDED from MobiShowCase\AndroidManifest.xml:16:9-34
uses-feature#android.hardware.camera
ADDED from MobiShowCase\AndroidManifest.xml:22:5-24:35
MERGED from [MobiFlow:MobiFlow:unspecified] AndroidManifest.xml:17:5-19:35
	android:required
		ADDED from MobiShowCase\AndroidManifest.xml:24:9-32
	android:name
		ADDED from MobiShowCase\AndroidManifest.xml:23:9-47
uses-feature#android.hardware.camera.autofocus
ADDED from MobiShowCase\AndroidManifest.xml:25:5-70
MERGED from [MobiFlow:MobiFlow:unspecified] AndroidManifest.xml:20:5-70
	android:name
		ADDED from MobiShowCase\AndroidManifest.xml:25:19-67
uses-feature#android.hardware.camera.flash
ADDED from MobiShowCase\AndroidManifest.xml:26:5-28:35
	android:required
		ADDED from MobiShowCase\AndroidManifest.xml:28:9-32
	android:name
		ADDED from MobiShowCase\AndroidManifest.xml:27:9-53
application
ADDED from MobiShowCase\AndroidManifest.xml:30:5-75:19
MERGED from [MobiFlow:MobiFlow:unspecified] AndroidManifest.xml:50:5-46
	android:enabled
		ADDED from MobiShowCase\AndroidManifest.xml:33:9-31
	android:label
		ADDED from MobiShowCase\AndroidManifest.xml:35:9-41
	android:debuggable
		ADDED from [MobiFlow:MobiFlow:unspecified] AndroidManifest.xml:50:18-43
	android:allowBackup
		ADDED from MobiShowCase\AndroidManifest.xml:32:9-35
	android:icon
		ADDED from MobiShowCase\AndroidManifest.xml:34:9-38
	android:largeHeap
		ADDED from MobiShowCase\AndroidManifest.xml:36:9-33
	android:name
		ADDED from MobiShowCase\AndroidManifest.xml:31:9-46
activity#com.topimagesystems.sample.ShowCaseActivity
ADDED from MobiShowCase\AndroidManifest.xml:37:9-45:20
	android:label
		ADDED from MobiShowCase\AndroidManifest.xml:39:13-45
	android:name
		ADDED from MobiShowCase\AndroidManifest.xml:38:13-71
intent-filter#android.intent.action.MAIN+android.intent.category.LAUNCHER
ADDED from MobiShowCase\AndroidManifest.xml:40:13-44:29
action#android.intent.action.MAIN
ADDED from MobiShowCase\AndroidManifest.xml:41:17-69
	android:name
		ADDED from MobiShowCase\AndroidManifest.xml:41:25-66
category#android.intent.category.LAUNCHER
ADDED from MobiShowCase\AndroidManifest.xml:43:17-77
	android:name
		ADDED from MobiShowCase\AndroidManifest.xml:43:27-74
activity#com.topimagesystems.controllers.imageanalyze.CameraManagerController
ADDED from MobiShowCase\AndroidManifest.xml:46:9-49:20
	android:configChanges
		ADDED from MobiShowCase\AndroidManifest.xml:48:13-74
	android:name
		ADDED from MobiShowCase\AndroidManifest.xml:47:13-96
activity#com.topimagesystems.controllers.imageanalyze.CameraController
ADDED from MobiShowCase\AndroidManifest.xml:50:9-54:20
	android:hardwareAccelerated
		ADDED from MobiShowCase\AndroidManifest.xml:53:13-48
	android:configChanges
		ADDED from MobiShowCase\AndroidManifest.xml:52:13-74
	android:name
		ADDED from MobiShowCase\AndroidManifest.xml:51:13-89
activity#com.topimagesystems.controllers.imageanalyze.DynamicCaptureCameraController
ADDED from MobiShowCase\AndroidManifest.xml:55:9-59:20
	android:hardwareAccelerated
		ADDED from MobiShowCase\AndroidManifest.xml:58:13-48
	android:configChanges
		ADDED from MobiShowCase\AndroidManifest.xml:57:13-74
	android:name
		ADDED from MobiShowCase\AndroidManifest.xml:56:13-103
activity#com.topimagesystems.sample.ui.ShowImagesGallery
ADDED from MobiShowCase\AndroidManifest.xml:60:9-61:20
	android:name
		ADDED from MobiShowCase\AndroidManifest.xml:60:19-81
activity#com.topimagesystems.sample.ui.ZoomViewActivity
ADDED from MobiShowCase\AndroidManifest.xml:62:9-63:20
	android:name
		ADDED from MobiShowCase\AndroidManifest.xml:62:19-80
activity#com.topimagesystems.ui.InfoScreenActivity
ADDED from MobiShowCase\AndroidManifest.xml:64:9-67:20
	android:theme
		ADDED from MobiShowCase\AndroidManifest.xml:66:13-72
	android:name
		ADDED from MobiShowCase\AndroidManifest.xml:65:13-69
activity#com.topimagesystems.sample.controller.IQASettingsController
ADDED from MobiShowCase\AndroidManifest.xml:68:9-71:58
	android:screenOrientation
		ADDED from MobiShowCase\AndroidManifest.xml:70:13-49
	android:theme
		ADDED from MobiShowCase\AndroidManifest.xml:71:13-55
	android:name
		ADDED from MobiShowCase\AndroidManifest.xml:69:13-87
logback
ADDED from [MobiFlow:MobiFlow:unspecified] AndroidManifest.xml:24:5-46:15
configuration
ADDED from [MobiFlow:MobiFlow:unspecified] AndroidManifest.xml:25:9-45:25
appender
ADDED from [MobiFlow:MobiFlow:unspecified] AndroidManifest.xml:26:13-40:24
	class
		ADDED from [MobiFlow:MobiFlow:unspecified] AndroidManifest.xml:28:17-70
	name
		ADDED from [MobiFlow:MobiFlow:unspecified] AndroidManifest.xml:27:17-30
tagEncoder
ADDED from [MobiFlow:MobiFlow:unspecified] AndroidManifest.xml:29:17-33:30
pattern
ADDED from [MobiFlow:MobiFlow:unspecified] AndroidManifest.xml:30:21-32:31
encoder
ADDED from [MobiFlow:MobiFlow:unspecified] AndroidManifest.xml:35:17-39:27
root
ADDED from [MobiFlow:MobiFlow:unspecified] AndroidManifest.xml:42:13-44:20
	level
		ADDED from [MobiFlow:MobiFlow:unspecified] AndroidManifest.xml:42:19-32
appender-ref
ADDED from [MobiFlow:MobiFlow:unspecified] AndroidManifest.xml:43:17-46
	ref
		ADDED from [MobiFlow:MobiFlow:unspecified] AndroidManifest.xml:43:31-43